<?xml version="1.0" encoding="UTF-8"?>
<!-- Generated by org.testng.reporters.JUnitXMLReporter -->
<testsuite hostname="LAPTOP-TUC6MDGI" ignored="0" name="Validating User login" tests="2" failures="0" timestamp="05 Jun 2020 12:53:54 GMT" time="0.063" errors="0">
  <testcase name="@BeforeTest initialize" time="0.015" classname="Academy.HomePage">
    <failure type="java.io.FileNotFoundException" message="C:\Users\rahul\E2EProject\src\main\java\resources\data.properties (The system cannot find the path specified)">
      <![CDATA[java.io.FileNotFoundException: C:\Users\rahul\E2EProject\src\main\java\resources\data.properties (The system cannot find the path specified)
at java.io.FileInputStream.open0(Native Method)
at java.io.FileInputStream.open(FileInputStream.java:195)
at java.io.FileInputStream.<init>(FileInputStream.java:138)
at java.io.FileInputStream.<init>(FileInputStream.java:93)
at resources.base.initializeDriver(base.java:25)
at Academy.HomePage.initialize(HomePage.java:25)
... Removed 24 stack frames]]>
    </failure>
  </testcase> <!-- @BeforeTest initialize -->
  <testcase name="@AfterTest teardown" time="0.0" classname="Academy.HomePage">
    <skipped/>
  </testcase> <!-- @AfterTest teardown -->
  <testcase name="basePageNavigation" time="0.0" classname="Academy.HomePage">
    <skipped/>
  </testcase> <!-- basePageNavigation -->
  <testcase name="basePageNavigation" time="0.0" classname="Academy.HomePage">
    <skipped/>
  </testcase> <!-- basePageNavigation -->
</testsuite> <!-- Validating User login -->
