<?xml version="1.0" encoding="UTF-8"?>
<testng-results skipped="0" failed="0" ignored="0" total="1" passed="1">
  <reporter-output>
  </reporter-output>
  <suite name="Default suite" duration-ms="344" started-at="2020-06-07T17:02:43Z" finished-at="2020-06-07T17:02:43Z">
    <groups>
      <group name="cucumber">
        <method signature="AbstractTestNGCucumberTests.feature(cucumber.api.testng.CucumberFeatureWrapper)[pri:0, instance:cucumberOptions.TestRunner@cb0ed20]" name="feature" class="cucumber.api.testng.AbstractTestNGCucumberTests"/>
      </group> <!-- cucumber -->
    </groups>
    <test name="Default test" duration-ms="344" started-at="2020-06-07T17:02:43Z" finished-at="2020-06-07T17:02:43Z">
      <class name="cucumberOptions.TestRunner">
        <test-method status="PASS" signature="setUpClass()[pri:0, instance:cucumberOptions.TestRunner@cb0ed20]" name="setUpClass" is-config="true" duration-ms="180" started-at="2020-06-07T17:02:43Z" finished-at="2020-06-07T17:02:43Z">
          <reporter-output>
          </reporter-output>
        </test-method> <!-- setUpClass -->
        <test-method status="PASS" signature="feature(cucumber.api.testng.CucumberFeatureWrapper)[pri:0, instance:cucumberOptions.TestRunner@cb0ed20]" name="feature" duration-ms="91" started-at="2020-06-07T17:02:43Z" description="Runs Cucumber Feature" data-provider="features" finished-at="2020-06-07T17:02:43Z">
          <params>
            <param index="0">
              <value>
                <![CDATA[Display userid with login date]]>
              </value>
            </param>
          </params>
          <reporter-output>
          </reporter-output>
        </test-method> <!-- feature -->
        <test-method status="PASS" signature="tearDownClass()[pri:0, instance:cucumberOptions.TestRunner@cb0ed20]" name="tearDownClass" is-config="true" duration-ms="3" started-at="2020-06-07T17:02:43Z" finished-at="2020-06-07T17:02:43Z">
          <reporter-output>
          </reporter-output>
        </test-method> <!-- tearDownClass -->
      </class> <!-- cucumberOptions.TestRunner -->
    </test> <!-- Default test -->
  </suite> <!-- Default suite -->
</testng-results>
